<?xml version="1.0" encoding="UTF-8"?>
<robot generator="Robot 6.0.2 (Python 3.12.0 on win32)" generated="20240927 16:31:07.937" rpa="false" schemaversion="3">
<suite id="s1" name="Tests" source="C:\qax\projects\mark85-robot-express\tests">
<suite id="s1-s1" name="Online" source="C:\qax\projects\mark85-robot-express\tests\online.robot">
<test id="s1-s1-t1" name="Webapp deve estar online" line="7">
<kw name="Start Session" library="base">
<kw name="New Browser" library="Browser">
<arg>browser=chromium</arg>
<arg>headless=False</arg>
<tag>BrowserControl</tag>
<tag>Setter</tag>
<doc>Create a new playwright Browser with specified options.</doc>
<msg timestamp="20240927 16:31:08.754" level="INFO">{"browser": "chromium", "headless": false, "chromiumSandbox": false, "devtools": false, "handleSIGHUP": true, "handleSIGINT": true, "handleSIGTERM": true, "slowMo": 0.0, "timeout": 30000.0, "tracesDir": "C:\\qax\\projects\\mark85-robot-express\\logs\\browser\\traces\\df3923c8-45a7-40cc-b486-94ce06660488"}</msg>
<msg timestamp="20240927 16:31:09.442" level="INFO">Successfully created browser with options: {"browser":"chromium","headless":false,"chromiumSandbox":false,"devtools":false,"handleSIGHUP":true,"handleSIGINT":true,"handleSIGTERM":true,"slowMo":0,"timeout":30000,"tracesDir":"C:\\qax\\projects\\mark85-robot-express\\logs\\browser\\traces\\df3923c8-45a7-40cc-b486-94ce06660488"}</msg>
<status status="PASS" starttime="20240927 16:31:08.753" endtime="20240927 16:31:09.443"/>
</kw>
<kw name="New Page" library="Browser">
<arg>http://localhost:3000</arg>
<tag>BrowserControl</tag>
<tag>Setter</tag>
<doc>Open a new Page.</doc>
<msg timestamp="20240927 16:31:10.768" level="INFO">Successfully initialized new page object and opened url: http://localhost:3000</msg>
<msg timestamp="20240927 16:31:10.768" level="INFO">No context was open. New context was automatically opened when this page is created.</msg>
<status status="PASS" starttime="20240927 16:31:09.443" endtime="20240927 16:31:10.768"/>
</kw>
<status status="PASS" starttime="20240927 16:31:08.753" endtime="20240927 16:31:10.768"/>
</kw>
<kw name="Get Title" library="Browser">
<arg>equal</arg>
<arg>Mark85 by QAx</arg>
<tag>Assertion</tag>
<tag>Getter</tag>
<tag>PageContent</tag>
<doc>Returns the title of the current page.</doc>
<msg timestamp="20240927 16:31:10.782" level="INFO">Title: 'Mark85 by QAx'</msg>
<status status="PASS" starttime="20240927 16:31:10.768" endtime="20240927 16:31:10.782"/>
</kw>
<status status="PASS" starttime="20240927 16:31:08.750" endtime="20240927 16:31:10.783"/>
</test>
<doc>Online</doc>
<status status="PASS" starttime="20240927 16:31:07.962" endtime="20240927 16:31:10.875"/>
</suite>
<suite id="s1-s2" name="Signup" source="C:\qax\projects\mark85-robot-express\tests\signup.robot">
<test id="s1-s2-t1" name="Deve poder cadastrar um novo usuário" line="9">
<kw name="Name" library="FakerLibrary">
<var>${name}</var>
<doc>:example: 'John Doe'</doc>
<msg timestamp="20240927 16:31:11.279" level="INFO">${name} = David Moran</msg>
<status status="PASS" starttime="20240927 16:31:11.279" endtime="20240927 16:31:11.279"/>
</kw>
<kw name="Free Email" library="FakerLibrary">
<var>${email}</var>
<msg timestamp="20240927 16:31:11.280" level="INFO">${email} = alan32@yahoo.com</msg>
<status status="PASS" starttime="20240927 16:31:11.280" endtime="20240927 16:31:11.280"/>
</kw>
<kw name="Set Variable" library="BuiltIn">
<var>${password}</var>
<arg>pwd123</arg>
<doc>Returns the given values which can then be assigned to a variables.</doc>
<msg timestamp="20240927 16:31:11.281" level="INFO">${password} = pwd123</msg>
<status status="PASS" starttime="20240927 16:31:11.281" endtime="20240927 16:31:11.281"/>
</kw>
<kw name="Start Session" library="base">
<kw name="New Browser" library="Browser">
<arg>browser=chromium</arg>
<arg>headless=False</arg>
<tag>BrowserControl</tag>
<tag>Setter</tag>
<doc>Create a new playwright Browser with specified options.</doc>
<msg timestamp="20240927 16:31:11.282" level="INFO">Switching browser to browser=e0722a9e-3acb-46d9-b809-a9571a504e83</msg>
<msg timestamp="20240927 16:31:11.284" level="INFO">Successfully changed active browser: browser=e0722a9e-3acb-46d9-b809-a9571a504e83</msg>
<msg timestamp="20240927 16:31:11.284" level="INFO">Reusing existing browser with id: browser=e0722a9e-3acb-46d9-b809-a9571a504e83</msg>
<status status="PASS" starttime="20240927 16:31:11.282" endtime="20240927 16:31:11.284"/>
</kw>
<kw name="New Page" library="Browser">
<arg>http://localhost:3000</arg>
<tag>BrowserControl</tag>
<tag>Setter</tag>
<doc>Open a new Page.</doc>
<msg timestamp="20240927 16:31:12.452" level="INFO">Successfully initialized new page object and opened url: http://localhost:3000</msg>
<msg timestamp="20240927 16:31:12.452" level="INFO">No context was open. New context was automatically opened when this page is created.</msg>
<status status="PASS" starttime="20240927 16:31:11.284" endtime="20240927 16:31:12.453"/>
</kw>
<status status="PASS" starttime="20240927 16:31:11.281" endtime="20240927 16:31:12.453"/>
</kw>
<kw name="Go To" library="Browser">
<arg>http://localhost:3000/signup</arg>
<tag>BrowserControl</tag>
<tag>Setter</tag>
<doc>Navigates to the given ``url``.</doc>
<msg timestamp="20240927 16:31:12.518" level="INFO">Successfully opened URL http://localhost:3000/signup</msg>
<status status="PASS" starttime="20240927 16:31:12.453" endtime="20240927 16:31:12.518"/>
</kw>
<kw name="Wait For Elements State" library="Browser">
<arg>css=h1</arg>
<arg>visible</arg>
<arg>5</arg>
<tag>PageContent</tag>
<tag>Wait</tag>
<doc>Waits for the element found by ``selector`` to satisfy state option.</doc>
<msg timestamp="20240927 16:31:12.549" level="INFO">Waited for Element with selector css=h1 at state visible</msg>
<status status="PASS" starttime="20240927 16:31:12.518" endtime="20240927 16:31:12.550"/>
</kw>
<kw name="Get Text" library="Browser">
<arg>css=h1</arg>
<arg>equal</arg>
<arg>Faça seu cadastro</arg>
<tag>Assertion</tag>
<tag>Getter</tag>
<tag>PageContent</tag>
<doc>Returns text attribute of the element found by ``selector``.</doc>
<msg timestamp="20240927 16:31:12.581" level="INFO">Text: 'Faça seu cadastro'</msg>
<status status="PASS" starttime="20240927 16:31:12.551" endtime="20240927 16:31:12.581"/>
</kw>
<kw name="Fill Text" library="Browser">
<arg>id=name</arg>
<arg>${name}</arg>
<tag>PageContent</tag>
<tag>Setter</tag>
<doc>Clears and fills the given ``txt`` into the text field found by ``selector``.</doc>
<msg timestamp="20240927 16:31:12.582" level="INFO">Fills the text 'David Moran' in the given field.</msg>
<status status="PASS" starttime="20240927 16:31:12.582" endtime="20240927 16:31:12.606"/>
</kw>
<kw name="Fill Text" library="Browser">
<arg>id=email</arg>
<arg>${email}</arg>
<tag>PageContent</tag>
<tag>Setter</tag>
<doc>Clears and fills the given ``txt`` into the text field found by ``selector``.</doc>
<msg timestamp="20240927 16:31:12.606" level="INFO">Fills the text 'alan32@yahoo.com' in the given field.</msg>
<status status="PASS" starttime="20240927 16:31:12.606" endtime="20240927 16:31:12.625"/>
</kw>
<kw name="Fill Text" library="Browser">
<arg>id=password</arg>
<arg>${password}</arg>
<tag>PageContent</tag>
<tag>Setter</tag>
<doc>Clears and fills the given ``txt`` into the text field found by ``selector``.</doc>
<msg timestamp="20240927 16:31:12.626" level="INFO">Fills the text 'pwd123' in the given field.</msg>
<status status="PASS" starttime="20240927 16:31:12.625" endtime="20240927 16:31:12.640"/>
</kw>
<kw name="Click" library="Browser">
<arg>id=buttonSignup</arg>
<tag>PageContent</tag>
<tag>Setter</tag>
<doc>Simulates mouse click on the element found by ``selector``.</doc>
<status status="PASS" starttime="20240927 16:31:12.641" endtime="20240927 16:31:12.697"/>
</kw>
<kw name="Wait For Elements State" library="Browser">
<arg>css=.notice p</arg>
<arg>visible</arg>
<arg>5</arg>
<tag>PageContent</tag>
<tag>Wait</tag>
<doc>Waits for the element found by ``selector`` to satisfy state option.</doc>
<msg timestamp="20240927 16:31:12.919" level="INFO">Waited for Element with selector css=.notice p at state visible</msg>
<status status="PASS" starttime="20240927 16:31:12.698" endtime="20240927 16:31:12.919"/>
</kw>
<kw name="Get Text" library="Browser">
<arg>css=.notice p</arg>
<arg>equal</arg>
<arg>Boas vindas ao Mark85, o seu gerenciador de tarefas.</arg>
<tag>Assertion</tag>
<tag>Getter</tag>
<tag>PageContent</tag>
<doc>Returns text attribute of the element found by ``selector``.</doc>
<msg timestamp="20240927 16:31:12.937" level="INFO">Text: 'Boas vindas ao Mark85, o seu gerenciador de tarefas.'</msg>
<status status="PASS" starttime="20240927 16:31:12.920" endtime="20240927 16:31:12.937"/>
</kw>
<status status="PASS" starttime="20240927 16:31:11.277" endtime="20240927 16:31:12.938"/>
</test>
<doc>Cenários de testes de cadastro de usuários</doc>
<status status="PASS" starttime="20240927 16:31:10.883" endtime="20240927 16:31:13.004"/>
</suite>
<status status="PASS" starttime="20240927 16:31:07.939" endtime="20240927 16:31:13.015"/>
</suite>
<statistics>
<total>
<stat pass="2" fail="0" skip="0">All Tests</stat>
</total>
<tag>
</tag>
<suite>
<stat pass="2" fail="0" skip="0" id="s1" name="Tests">Tests</stat>
<stat pass="1" fail="0" skip="0" id="s1-s1" name="Online">Tests.Online</stat>
<stat pass="1" fail="0" skip="0" id="s1-s2" name="Signup">Tests.Signup</stat>
</suite>
</statistics>
<errors>
</errors>
</robot>
