<?xml version="1.0" encoding="UTF-8"?>
<robot generator="Robot 6.0.2 (Python 3.12.0 on win32)" generated="20240927 16:16:41.238" rpa="false" schemaversion="3">
<suite id="s1" name="Signup" source="C:\qax\projects\mark85-robot-express\signup.robot">
<test id="s1-t1" name="Deve poder cadastrar um novo usuário" line="8">
<kw name="Name" library="FakerLibrary">
<var>${name}</var>
<doc>:example: 'John Doe'</doc>
<msg timestamp="20240927 16:16:42.429" level="INFO">${name} = Richard King</msg>
<status status="PASS" starttime="20240927 16:16:42.429" endtime="20240927 16:16:42.429"/>
</kw>
<kw name="Free Email" library="FakerLibrary">
<var>${email}</var>
<msg timestamp="20240927 16:16:42.430" level="INFO">${email} = reevesbobby@gmail.com</msg>
<status status="PASS" starttime="20240927 16:16:42.430" endtime="20240927 16:16:42.430"/>
</kw>
<kw name="Set Variable" library="BuiltIn">
<var>${password}</var>
<arg>pwd123</arg>
<doc>Returns the given values which can then be assigned to a variables.</doc>
<msg timestamp="20240927 16:16:42.431" level="INFO">${password} = pwd123</msg>
<status status="PASS" starttime="20240927 16:16:42.431" endtime="20240927 16:16:42.431"/>
</kw>
<kw name="New Browser" library="Browser">
<arg>browser=chromium</arg>
<arg>headless=False</arg>
<tag>BrowserControl</tag>
<tag>Setter</tag>
<doc>Create a new playwright Browser with specified options.</doc>
<msg timestamp="20240927 16:16:42.432" level="INFO">{"browser": "chromium", "headless": false, "chromiumSandbox": false, "devtools": false, "handleSIGHUP": true, "handleSIGINT": true, "handleSIGTERM": true, "slowMo": 0.0, "timeout": 30000.0, "tracesDir": "C:\\qax\\projects\\mark85-robot-express\\logs\\browser\\traces\\534bb9f0-a603-43de-b08e-e7a82a19add2"}</msg>
<msg timestamp="20240927 16:16:43.296" level="INFO">Successfully created browser with options: {"browser":"chromium","headless":false,"chromiumSandbox":false,"devtools":false,"handleSIGHUP":true,"handleSIGINT":true,"handleSIGTERM":true,"slowMo":0,"timeout":30000,"tracesDir":"C:\\qax\\projects\\mark85-robot-express\\logs\\browser\\traces\\534bb9f0-a603-43de-b08e-e7a82a19add2"}</msg>
<status status="PASS" starttime="20240927 16:16:42.431" endtime="20240927 16:16:43.296"/>
</kw>
<kw name="New Page" library="Browser">
<arg>http://localhost:3000/signup</arg>
<tag>BrowserControl</tag>
<tag>Setter</tag>
<doc>Open a new Page.</doc>
<msg timestamp="20240927 16:16:44.697" level="INFO">Successfully initialized new page object and opened url: http://localhost:3000/signup</msg>
<msg timestamp="20240927 16:16:44.697" level="INFO">No context was open. New context was automatically opened when this page is created.</msg>
<status status="PASS" starttime="20240927 16:16:43.299" endtime="20240927 16:16:44.697"/>
</kw>
<kw name="Wait For Elements State" library="Browser">
<arg>css=h1</arg>
<arg>visible</arg>
<arg>5</arg>
<tag>PageContent</tag>
<tag>Wait</tag>
<doc>Waits for the element found by ``selector`` to satisfy state option.</doc>
<msg timestamp="20240927 16:16:44.737" level="INFO">Waited for Element with selector css=h1 at state visible</msg>
<status status="PASS" starttime="20240927 16:16:44.698" endtime="20240927 16:16:44.737"/>
</kw>
<kw name="Get Text" library="Browser">
<arg>css=h1</arg>
<arg>equal</arg>
<arg>Faça seu cadastro</arg>
<tag>Assertion</tag>
<tag>Getter</tag>
<tag>PageContent</tag>
<doc>Returns text attribute of the element found by ``selector``.</doc>
<msg timestamp="20240927 16:16:44.769" level="INFO">Text: 'Faça seu cadastro'</msg>
<status status="PASS" starttime="20240927 16:16:44.737" endtime="20240927 16:16:44.769"/>
</kw>
<kw name="Fill Text" library="Browser">
<arg>id=name</arg>
<arg>${name}</arg>
<tag>PageContent</tag>
<tag>Setter</tag>
<doc>Clears and fills the given ``txt`` into the text field found by ``selector``.</doc>
<msg timestamp="20240927 16:16:44.770" level="INFO">Fills the text 'Richard King' in the given field.</msg>
<status status="PASS" starttime="20240927 16:16:44.770" endtime="20240927 16:16:44.794"/>
</kw>
<kw name="Fill Text" library="Browser">
<arg>id=email</arg>
<arg>${email}</arg>
<tag>PageContent</tag>
<tag>Setter</tag>
<doc>Clears and fills the given ``txt`` into the text field found by ``selector``.</doc>
<msg timestamp="20240927 16:16:44.795" level="INFO">Fills the text 'reevesbobby@gmail.com' in the given field.</msg>
<status status="PASS" starttime="20240927 16:16:44.795" endtime="20240927 16:16:44.822"/>
</kw>
<kw name="Fill Text" library="Browser">
<arg>id=password</arg>
<arg>${password}</arg>
<tag>PageContent</tag>
<tag>Setter</tag>
<doc>Clears and fills the given ``txt`` into the text field found by ``selector``.</doc>
<msg timestamp="20240927 16:16:44.823" level="INFO">Fills the text 'pwd123' in the given field.</msg>
<status status="PASS" starttime="20240927 16:16:44.822" endtime="20240927 16:16:44.842"/>
</kw>
<kw name="Click" library="Browser">
<arg>id=buttonSignup</arg>
<tag>PageContent</tag>
<tag>Setter</tag>
<doc>Simulates mouse click on the element found by ``selector``.</doc>
<status status="PASS" starttime="20240927 16:16:44.843" endtime="20240927 16:16:44.930"/>
</kw>
<kw name="Wait For Elements State" library="Browser">
<arg>css=.notice p</arg>
<arg>visible</arg>
<arg>5</arg>
<tag>PageContent</tag>
<tag>Wait</tag>
<doc>Waits for the element found by ``selector`` to satisfy state option.</doc>
<msg timestamp="20240927 16:16:45.148" level="INFO">Waited for Element with selector css=.notice p at state visible</msg>
<status status="PASS" starttime="20240927 16:16:44.931" endtime="20240927 16:16:45.148"/>
</kw>
<kw name="Get Text" library="Browser">
<arg>css=.notice p</arg>
<arg>equal</arg>
<arg>Boas vindas ao Mark85, o seu gerenciador de tarefas.</arg>
<tag>Assertion</tag>
<tag>Getter</tag>
<tag>PageContent</tag>
<doc>Returns text attribute of the element found by ``selector``.</doc>
<msg timestamp="20240927 16:16:45.170" level="INFO">Text: 'Boas vindas ao Mark85, o seu gerenciador de tarefas.'</msg>
<status status="PASS" starttime="20240927 16:16:45.149" endtime="20240927 16:16:45.170"/>
</kw>
<kw name="Sleep" library="BuiltIn">
<arg>5</arg>
<doc>Pauses the test executed for the given time.</doc>
<msg timestamp="20240927 16:16:50.171" level="INFO">Slept 5 seconds</msg>
<status status="PASS" starttime="20240927 16:16:45.170" endtime="20240927 16:16:50.171"/>
</kw>
<status status="PASS" starttime="20240927 16:16:42.412" endtime="20240927 16:16:50.172"/>
</test>
<doc>Cenários de testes de cadastro de usuários</doc>
<status status="PASS" starttime="20240927 16:16:41.240" endtime="20240927 16:16:50.256"/>
</suite>
<statistics>
<total>
<stat pass="1" fail="0" skip="0">All Tests</stat>
</total>
<tag>
</tag>
<suite>
<stat pass="1" fail="0" skip="0" id="s1" name="Signup">Signup</stat>
</suite>
</statistics>
<errors>
</errors>
</robot>
